<?xml version="1.0" encoding="UTF-8"?>
<testng-results ignored="0" total="3" passed="3" failed="0" skipped="0">
  <reporter-output>
    <line>
      <![CDATA[Login is successful]]>
    </line>
    <line>
      <![CDATA[Testcase passed]]>
    </line>
    <line>
      <![CDATA[Login is not successful]]>
    </line>
    <line>
      <![CDATA[Testcase passed]]>
    </line>
    <line>
      <![CDATA[Login is successful]]>
    </line>
    <line>
      <![CDATA[Values are sorted]]>
    </line>
    <line>
      <![CDATA[Testcase passed]]>
    </line>
  </reporter-output>
  <suite started-at="2024-05-25T14:46:27 IST" name="Suite" finished-at="2024-05-25T14:46:55 IST" duration-ms="27736">
    <groups>
    </groups>
    <test started-at="2024-05-25T14:46:27 IST" name="Test" finished-at="2024-05-25T14:46:55 IST" duration-ms="27736">
      <class name="Wingify.Wingify_Assignment.Wingify_Login_valid_credentials">
        <test-method is-config="true" signature="pre_condition(java.lang.String)[pri:0, instance:Wingify.Wingify_Assignment.Wingify_Login_valid_credentials@e15b7e8]" started-at="2024-05-25T14:46:27 IST" name="pre_condition" finished-at="2024-05-25T14:46:34 IST" duration-ms="6251" status="PASS">
          <params>
            <param index="0">
              <value>
                <![CDATA[chrome]]>
              </value>
            </param>
          </params>
          <reporter-output>
          </reporter-output>
        </test-method> <!-- pre_condition -->
        <test-method signature="valid_login_details()[pri:0, instance:Wingify.Wingify_Assignment.Wingify_Login_valid_credentials@e15b7e8]" started-at="2024-05-25T14:46:34 IST" name="valid_login_details" finished-at="2024-05-25T14:46:36 IST" duration-ms="2464" status="PASS">
          <reporter-output>
            <line>
              <![CDATA[Login is successful]]>
            </line>
            <line>
              <![CDATA[Testcase passed]]>
            </line>
          </reporter-output>
        </test-method> <!-- valid_login_details -->
        <test-method is-config="true" signature="closure_activity()[pri:0, instance:Wingify.Wingify_Assignment.Wingify_Login_valid_credentials@e15b7e8]" started-at="2024-05-25T14:46:36 IST" name="closure_activity" finished-at="2024-05-25T14:46:38 IST" duration-ms="1769" status="PASS">
          <reporter-output>
          </reporter-output>
        </test-method> <!-- closure_activity -->
      </class> <!-- Wingify.Wingify_Assignment.Wingify_Login_valid_credentials -->
      <class name="Wingify.Wingify_Assignment.Wingify_Login_Invalid_credentials">
        <test-method is-config="true" signature="pre_condition(java.lang.String)[pri:0, instance:Wingify.Wingify_Assignment.Wingify_Login_Invalid_credentials@4efac082]" started-at="2024-05-25T14:46:38 IST" name="pre_condition" finished-at="2024-05-25T14:46:44 IST" duration-ms="5647" status="PASS">
          <params>
            <param index="0">
              <value>
                <![CDATA[chrome]]>
              </value>
            </param>
          </params>
          <reporter-output>
          </reporter-output>
        </test-method> <!-- pre_condition -->
        <test-method signature="invalid_login_details()[pri:0, instance:Wingify.Wingify_Assignment.Wingify_Login_Invalid_credentials@4efac082]" started-at="2024-05-25T14:46:44 IST" name="invalid_login_details" finished-at="2024-05-25T14:46:44 IST" duration-ms="438" status="PASS">
          <reporter-output>
            <line>
              <![CDATA[Login is not successful]]>
            </line>
            <line>
              <![CDATA[Testcase passed]]>
            </line>
          </reporter-output>
        </test-method> <!-- invalid_login_details -->
        <test-method is-config="true" signature="closure_activity()[pri:0, instance:Wingify.Wingify_Assignment.Wingify_Login_Invalid_credentials@4efac082]" started-at="2024-05-25T14:46:44 IST" name="closure_activity" finished-at="2024-05-25T14:46:46 IST" duration-ms="1777" status="PASS">
          <reporter-output>
          </reporter-output>
        </test-method> <!-- closure_activity -->
      </class> <!-- Wingify.Wingify_Assignment.Wingify_Login_Invalid_credentials -->
      <class name="Wingify.Wingify_Assignment.Wingify_Check_Values_Sorting">
        <test-method is-config="true" signature="pre_condition(java.lang.String)[pri:0, instance:Wingify.Wingify_Assignment.Wingify_Check_Values_Sorting@6bd61f98]" started-at="2024-05-25T14:46:46 IST" name="pre_condition" finished-at="2024-05-25T14:46:52 IST" duration-ms="5896" status="PASS">
          <params>
            <param index="0">
              <value>
                <![CDATA[chrome]]>
              </value>
            </param>
          </params>
          <reporter-output>
          </reporter-output>
        </test-method> <!-- pre_condition -->
        <test-method signature="check_values_sorted()[pri:0, instance:Wingify.Wingify_Assignment.Wingify_Check_Values_Sorting@6bd61f98]" started-at="2024-05-25T14:46:52 IST" name="check_values_sorted" finished-at="2024-05-25T14:46:53 IST" duration-ms="1238" status="PASS">
          <reporter-output>
            <line>
              <![CDATA[Login is successful]]>
            </line>
            <line>
              <![CDATA[Values are sorted]]>
            </line>
            <line>
              <![CDATA[Testcase passed]]>
            </line>
          </reporter-output>
        </test-method> <!-- check_values_sorted -->
        <test-method is-config="true" signature="closure_activity()[pri:0, instance:Wingify.Wingify_Assignment.Wingify_Check_Values_Sorting@6bd61f98]" started-at="2024-05-25T14:46:53 IST" name="closure_activity" finished-at="2024-05-25T14:46:55 IST" duration-ms="1702" status="PASS">
          <reporter-output>
          </reporter-output>
        </test-method> <!-- closure_activity -->
      </class> <!-- Wingify.Wingify_Assignment.Wingify_Check_Values_Sorting -->
    </test> <!-- Test -->
  </suite> <!-- Suite -->
</testng-results>
