<?xml version="1.0" encoding="UTF-8"?>
<!-- Generated by org.testng.reporters.JUnitXMLReporter -->
<testsuite ignored="0" hostname="Mary" failures="0" tests="3" name="Test" time="27.736" errors="0" timestamp="2024-05-25T14:46:55 IST">
  <testcase classname="Wingify.Wingify_Assignment.Wingify_Login_valid_credentials" name="valid_login_details" time="2.464"/>
  <testcase classname="Wingify.Wingify_Assignment.Wingify_Login_Invalid_credentials" name="invalid_login_details" time="0.438"/>
  <testcase classname="Wingify.Wingify_Assignment.Wingify_Check_Values_Sorting" name="check_values_sorted" time="1.238"/>
</testsuite> <!-- Test -->
